1625867074972	geckodriver	INFO	Listening on 127.0.0.1:51679
1625867078002	mozrunner::runner	INFO	Running command: "C:\\Program Files\\Mozilla Firefox\\firefox.exe" "--marionette" "--headless" "-foreground" "-no-remote" "-profile" "C:\\Users\\ChADMIN\\AppData\\Local\\Temp\\rust_mozprofile4wSvJv"
*** You are running in headless mode.
1625867078347	Marionette	INFO	Marionette enabled
console.warn: SearchSettings: "get: No settings file exists, new profile?" (new NotFoundError("Could not open the file at C:\\Users\\ChADMIN\\AppData\\Local\\Temp\\rust_mozprofile4wSvJv\\search.json.mozlz4", (void 0)))
1625867079528	Marionette	INFO	Listening on port 51689
1625867079554	Marionette	WARN	TLS certificate errors will be ignored for this session
1625867079556	Marionette	INFO	Proxy settings initialised: {"proxyType":"manual","httpProxy":"127.0.0.1:51678","noProxy":[],"sslProxy":"127.0.0.1:51678"}
JavaScript error: https://twitter.com/gabsmashh, line 131: ChunkLoadError: Loading chunk 247 failed.
(error: https://abs.twimg.com/responsive-web/client-web/ondemand.emoji.en.2314ed55.js)
1625867128455	geckodriver	INFO	Listening on 127.0.0.1:51952
1625867131477	mozrunner::runner	INFO	Running command: "C:\\Program Files\\Mozilla Firefox\\firefox.exe" "--marionette" "--headless" "-foreground" "-no-remote" "-profile" "C:\\Users\\ChADMIN\\AppData\\Local\\Temp\\rust_mozprofileOasfng"
*** You are running in headless mode.
1625867131753	Marionette	INFO	Marionette enabled
console.warn: SearchSettings: "get: No settings file exists, new profile?" (new NotFoundError("Could not open the file at C:\\Users\\ChADMIN\\AppData\\Local\\Temp\\rust_mozprofileOasfng\\search.json.mozlz4", (void 0)))
1625867132848	Marionette	INFO	Listening on port 51962
1625867133028	Marionette	WARN	TLS certificate errors will be ignored for this session
1625867133030	Marionette	INFO	Proxy settings initialised: {"proxyType":"manual","httpProxy":"127.0.0.1:51951","noProxy":[],"sslProxy":"127.0.0.1:51951"}
1625867167968	geckodriver	INFO	Listening on 127.0.0.1:52149
1625867171006	mozrunner::runner	INFO	Running command: "C:\\Program Files\\Mozilla Firefox\\firefox.exe" "--marionette" "--headless" "-foreground" "-no-remote" "-profile" "C:\\Users\\ChADMIN\\AppData\\Local\\Temp\\rust_mozprofile1wG49e"
*** You are running in headless mode.
1625867171284	Marionette	INFO	Marionette enabled
console.warn: SearchSettings: "get: No settings file exists, new profile?" (new NotFoundError("Could not open the file at C:\\Users\\ChADMIN\\AppData\\Local\\Temp\\rust_mozprofile1wG49e\\search.json.mozlz4", (void 0)))
1625867172403	Marionette	INFO	Listening on port 52163
1625867172560	Marionette	WARN	TLS certificate errors will be ignored for this session
1625867172564	Marionette	INFO	Proxy settings initialised: {"proxyType":"manual","httpProxy":"127.0.0.1:52148","noProxy":[],"sslProxy":"127.0.0.1:52148"}
JavaScript error: https://twitter.com/hostinfodev, line 131: ChunkLoadError: Loading chunk 18 failed.
(error: https://abs.twimg.com/responsive-web/client-web/shared~ondemand.EmojiPickerData~ondemand.EmojiPicker.45d87eb5.js)
1625868080740	geckodriver	INFO	Listening on 127.0.0.1:56358
1625868083781	mozrunner::runner	INFO	Running command: "C:\\Program Files\\Mozilla Firefox\\firefox.exe" "--marionette" "--headless" "-foreground" "-no-remote" "-profile" "C:\\Users\\ChADMIN\\AppData\\Local\\Temp\\rust_mozprofileuM1iWD"
*** You are running in headless mode.
1625868084048	Marionette	INFO	Marionette enabled
console.warn: SearchSettings: "get: No settings file exists, new profile?" (new NotFoundError("Could not open the file at C:\\Users\\ChADMIN\\AppData\\Local\\Temp\\rust_mozprofileuM1iWD\\search.json.mozlz4", (void 0)))
1625868085072	Marionette	INFO	Listening on port 56370
1625868085331	Marionette	WARN	TLS certificate errors will be ignored for this session
1625868085334	Marionette	INFO	Proxy settings initialised: {"proxyType":"manual","httpProxy":"127.0.0.1:56357","noProxy":[],"sslProxy":"127.0.0.1:56357"}
1625868112448	geckodriver	INFO	Listening on 127.0.0.1:56611
1625868115478	mozrunner::runner	INFO	Running command: "C:\\Program Files\\Mozilla Firefox\\firefox.exe" "--marionette" "--headless" "-foreground" "-no-remote" "-profile" "C:\\Users\\ChADMIN\\AppData\\Local\\Temp\\rust_mozprofileEdnyjA"
*** You are running in headless mode.
1625868115744	Marionette	INFO	Marionette enabled
console.warn: SearchSettings: "get: No settings file exists, new profile?" (new NotFoundError("Could not open the file at C:\\Users\\ChADMIN\\AppData\\Local\\Temp\\rust_mozprofileEdnyjA\\search.json.mozlz4", (void 0)))
1625868116802	Marionette	INFO	Listening on port 56619
1625868117031	Marionette	WARN	TLS certificate errors will be ignored for this session
1625868117035	Marionette	INFO	Proxy settings initialised: {"proxyType":"manual","httpProxy":"127.0.0.1:56610","noProxy":[],"sslProxy":"127.0.0.1:56610"}
1625869414357	geckodriver	INFO	Listening on 127.0.0.1:52819
1625869417395	mozrunner::runner	INFO	Running command: "C:\\Program Files\\Mozilla Firefox\\firefox.exe" "--marionette" "--headless" "-foreground" "-no-remote" "-profile" "C:\\Users\\ChADMIN\\AppData\\Local\\Temp\\rust_mozprofile3rgajc"
*** You are running in headless mode.
1625869417670	Marionette	INFO	Marionette enabled
console.warn: SearchSettings: "get: No settings file exists, new profile?" (new NotFoundError("Could not open the file at C:\\Users\\ChADMIN\\AppData\\Local\\Temp\\rust_mozprofile3rgajc\\search.json.mozlz4", (void 0)))
1625869421157	geckodriver	INFO	Listening on 127.0.0.1:62456
1625869424204	mozrunner::runner	INFO	Running command: "C:\\Program Files\\Mozilla Firefox\\firefox.exe" "--marionette" "--headless" "-foreground" "-no-remote" "-profile" "C:\\Users\\ChADMIN\\AppData\\Local\\Temp\\rust_mozprofile97Rbd2"
*** You are running in headless mode.
1625869424466	Marionette	INFO	Marionette enabled
console.warn: SearchSettings: "get: No settings file exists, new profile?" (new NotFoundError("Could not open the file at C:\\Users\\ChADMIN\\AppData\\Local\\Temp\\rust_mozprofile97Rbd2\\search.json.mozlz4", (void 0)))
1625869425542	Marionette	INFO	Listening on port 54392
1625869425750	Marionette	WARN	TLS certificate errors will be ignored for this session
1625869425752	Marionette	INFO	Proxy settings initialised: {"proxyType":"manual","httpProxy":"127.0.0.1:62455","noProxy":[],"sslProxy":"127.0.0.1:62455"}
JavaScript error: https://twitter.com/hostinfodev, line 131: ChunkLoadError: Loading chunk 247 failed.
(error: https://abs.twimg.com/responsive-web/client-web/ondemand.emoji.en.2314ed55.js)
1625869643440	geckodriver	INFO	Listening on 127.0.0.1:60239
1625869646471	mozrunner::runner	INFO	Running command: "C:\\Program Files\\Mozilla Firefox\\firefox.exe" "--marionette" "--headless" "-foreground" "-no-remote" "-profile" "C:\\Users\\ChADMIN\\AppData\\Local\\Temp\\rust_mozprofileogABFf"
*** You are running in headless mode.
1625869646736	Marionette	INFO	Marionette enabled
console.warn: SearchSettings: "get: No settings file exists, new profile?" (new NotFoundError("Could not open the file at C:\\Users\\ChADMIN\\AppData\\Local\\Temp\\rust_mozprofileogABFf\\search.json.mozlz4", (void 0)))
1625869647841	Marionette	INFO	Listening on port 52439
1625869648009	Marionette	WARN	TLS certificate errors will be ignored for this session
1625869648011	Marionette	INFO	Proxy settings initialised: {"proxyType":"manual","httpProxy":"127.0.0.1:60238","noProxy":[],"sslProxy":"127.0.0.1:60238"}
console.error: services.settings: 
  main/message-groups Signature failed  TypeError: NetworkError when attempting to fetch resource.
JavaScript error: https://twitter.com/hostinfodev, line 131: ChunkLoadError: Loading chunk 18 failed.
(error: https://abs.twimg.com/responsive-web/client-web/shared~ondemand.EmojiPickerData~ondemand.EmojiPicker.45d87eb5.js)
1625869666344	geckodriver	INFO	Listening on 127.0.0.1:62344
1625869669359	mozrunner::runner	INFO	Running command: "C:\\Program Files\\Mozilla Firefox\\firefox.exe" "--marionette" "--headless" "-foreground" "-no-remote" "-profile" "C:\\Users\\ChADMIN\\AppData\\Local\\Temp\\rust_mozprofilekKyILw"
*** You are running in headless mode.
1625869669630	Marionette	INFO	Marionette enabled
console.warn: SearchSettings: "get: No settings file exists, new profile?" (new NotFoundError("Could not open the file at C:\\Users\\ChADMIN\\AppData\\Local\\Temp\\rust_mozprofilekKyILw\\search.json.mozlz4", (void 0)))
1625869670678	Marionette	INFO	Listening on port 55621
1625869670892	Marionette	WARN	TLS certificate errors will be ignored for this session
1625869670895	Marionette	INFO	Proxy settings initialised: {"proxyType":"manual","httpProxy":"127.0.0.1:62343","noProxy":[],"sslProxy":"127.0.0.1:62343"}
1625869695760	geckodriver	INFO	Listening on 127.0.0.1:52709
1625869698781	mozrunner::runner	INFO	Running command: "C:\\Program Files\\Mozilla Firefox\\firefox.exe" "--marionette" "--headless" "-foreground" "-no-remote" "-profile" "C:\\Users\\ChADMIN\\AppData\\Local\\Temp\\rust_mozprofileSKNzrx"
*** You are running in headless mode.
1625869699047	Marionette	INFO	Marionette enabled
console.warn: SearchSettings: "get: No settings file exists, new profile?" (new NotFoundError("Could not open the file at C:\\Users\\ChADMIN\\AppData\\Local\\Temp\\rust_mozprofileSKNzrx\\search.json.mozlz4", (void 0)))
1625869700076	Marionette	INFO	Listening on port 53544
1625869700313	Marionette	WARN	TLS certificate errors will be ignored for this session
1625869700315	Marionette	INFO	Proxy settings initialised: {"proxyType":"manual","httpProxy":"127.0.0.1:52708","noProxy":[],"sslProxy":"127.0.0.1:52708"}
1625869784351	geckodriver	INFO	Listening on 127.0.0.1:63117
1625869787373	mozrunner::runner	INFO	Running command: "C:\\Program Files\\Mozilla Firefox\\firefox.exe" "--marionette" "--headless" "-foreground" "-no-remote" "-profile" "C:\\Users\\ChADMIN\\AppData\\Local\\Temp\\rust_mozprofileXhi9rn"
*** You are running in headless mode.
1625869787656	Marionette	INFO	Marionette enabled
console.warn: SearchSettings: "get: No settings file exists, new profile?" (new NotFoundError("Could not open the file at C:\\Users\\ChADMIN\\AppData\\Local\\Temp\\rust_mozprofileXhi9rn\\search.json.mozlz4", (void 0)))
1625869788722	Marionette	INFO	Listening on port 61130
1625869788923	Marionette	WARN	TLS certificate errors will be ignored for this session
1625869788925	Marionette	INFO	Proxy settings initialised: {"proxyType":"manual","httpProxy":"127.0.0.1:63116","noProxy":[],"sslProxy":"127.0.0.1:63116"}
1625869850704	geckodriver	INFO	Listening on 127.0.0.1:60379
1625869853730	mozrunner::runner	INFO	Running command: "C:\\Program Files\\Mozilla Firefox\\firefox.exe" "--marionette" "--headless" "-foreground" "-no-remote" "-profile" "C:\\Users\\ChADMIN\\AppData\\Local\\Temp\\rust_mozprofileYS86hi"
*** You are running in headless mode.
1625869853993	Marionette	INFO	Marionette enabled
console.warn: SearchSettings: "get: No settings file exists, new profile?" (new NotFoundError("Could not open the file at C:\\Users\\ChADMIN\\AppData\\Local\\Temp\\rust_mozprofileYS86hi\\search.json.mozlz4", (void 0)))
1625869855056	Marionette	INFO	Listening on port 59462
1625869855263	Marionette	WARN	TLS certificate errors will be ignored for this session
1625869855265	Marionette	INFO	Proxy settings initialised: {"proxyType":"manual","httpProxy":"127.0.0.1:60378","noProxy":[],"sslProxy":"127.0.0.1:60378"}
1625869900554	geckodriver	INFO	Listening on 127.0.0.1:56314
1625869903591	mozrunner::runner	INFO	Running command: "C:\\Program Files\\Mozilla Firefox\\firefox.exe" "--marionette" "--headless" "-foreground" "-no-remote" "-profile" "C:\\Users\\ChADMIN\\AppData\\Local\\Temp\\rust_mozprofile8Hkpq4"
*** You are running in headless mode.
1625869903856	Marionette	INFO	Marionette enabled
console.warn: SearchSettings: "get: No settings file exists, new profile?" (new NotFoundError("Could not open the file at C:\\Users\\ChADMIN\\AppData\\Local\\Temp\\rust_mozprofile8Hkpq4\\search.json.mozlz4", (void 0)))
1625869904922	Marionette	INFO	Listening on port 59144
1625869905140	Marionette	WARN	TLS certificate errors will be ignored for this session
1625869905142	Marionette	INFO	Proxy settings initialised: {"proxyType":"manual","httpProxy":"127.0.0.1:56313","noProxy":[],"sslProxy":"127.0.0.1:56313"}
1625870097968	geckodriver	INFO	Listening on 127.0.0.1:58357
1625870101013	mozrunner::runner	INFO	Running command: "C:\\Program Files\\Mozilla Firefox\\firefox.exe" "--marionette" "--headless" "-foreground" "-no-remote" "-profile" "C:\\Users\\ChADMIN\\AppData\\Local\\Temp\\rust_mozprofile654JFz"
*** You are running in headless mode.
1625870101281	Marionette	INFO	Marionette enabled
console.warn: SearchSettings: "get: No settings file exists, new profile?" (new NotFoundError("Could not open the file at C:\\Users\\ChADMIN\\AppData\\Local\\Temp\\rust_mozprofile654JFz\\search.json.mozlz4", (void 0)))
1625870102336	Marionette	INFO	Listening on port 63648
1625870102551	Marionette	WARN	TLS certificate errors will be ignored for this session
1625870102553	Marionette	INFO	Proxy settings initialised: {"proxyType":"manual","httpProxy":"127.0.0.1:58356","noProxy":[],"sslProxy":"127.0.0.1:58356"}
1625870527170	geckodriver	INFO	Listening on 127.0.0.1:51489
1625870530195	mozrunner::runner	INFO	Running command: "C:\\Program Files\\Mozilla Firefox\\firefox.exe" "--marionette" "--headless" "-foreground" "-no-remote" "-profile" "C:\\Users\\ChADMIN\\AppData\\Local\\Temp\\rust_mozprofilep3VcJO"
*** You are running in headless mode.
1625870530456	Marionette	INFO	Marionette enabled
console.warn: SearchSettings: "get: No settings file exists, new profile?" (new NotFoundError("Could not open the file at C:\\Users\\ChADMIN\\AppData\\Local\\Temp\\rust_mozprofilep3VcJO\\search.json.mozlz4", (void 0)))
1625870531507	Marionette	INFO	Listening on port 49600
1625870531729	Marionette	WARN	TLS certificate errors will be ignored for this session
1625870531731	Marionette	INFO	Proxy settings initialised: {"proxyType":"manual","httpProxy":"127.0.0.1:51488","noProxy":[],"sslProxy":"127.0.0.1:51488"}
1625870652387	geckodriver	INFO	Listening on 127.0.0.1:57361
1625870655411	mozrunner::runner	INFO	Running command: "C:\\Program Files\\Mozilla Firefox\\firefox.exe" "--marionette" "--headless" "-foreground" "-no-remote" "-profile" "C:\\Users\\ChADMIN\\AppData\\Local\\Temp\\rust_mozprofileexCbw6"
*** You are running in headless mode.
1625870655673	Marionette	INFO	Marionette enabled
console.warn: SearchSettings: "get: No settings file exists, new profile?" (new NotFoundError("Could not open the file at C:\\Users\\ChADMIN\\AppData\\Local\\Temp\\rust_mozprofileexCbw6\\search.json.mozlz4", (void 0)))
1625870656760	Marionette	INFO	Listening on port 63468
1625870656939	Marionette	WARN	TLS certificate errors will be ignored for this session
1625870656941	Marionette	INFO	Proxy settings initialised: {"proxyType":"manual","httpProxy":"127.0.0.1:57360","noProxy":[],"sslProxy":"127.0.0.1:57360"}
JavaScript error: https://twitter.com/hostinfodev, line 131: ChunkLoadError: Loading chunk 184 failed.
(error: https://abs.twimg.com/responsive-web/client-web/ondemand.LottieWeb.7c89dd95.js)
JavaScript error: https://twitter.com/hostinfodev, line 131: ChunkLoadError: Loading chunk 184 failed.
(error: https://abs.twimg.com/responsive-web/client-web/ondemand.LottieWeb.7c89dd95.js)
JavaScript error: https://twitter.com/hostinfodev, line 131: ChunkLoadError: Loading chunk 184 failed.
(error: https://abs.twimg.com/responsive-web/client-web/ondemand.LottieWeb.7c89dd95.js)
JavaScript error: https://twitter.com/hostinfodev, line 131: ChunkLoadError: Loading chunk 184 failed.
(error: https://abs.twimg.com/responsive-web/client-web/ondemand.LottieWeb.7c89dd95.js)
JavaScript error: https://twitter.com/hostinfodev, line 131: ChunkLoadError: Loading chunk 184 failed.
(error: https://abs.twimg.com/responsive-web/client-web/ondemand.LottieWeb.7c89dd95.js)
JavaScript error: https://twitter.com/hostinfodev, line 131: ChunkLoadError: Loading chunk 184 failed.
(error: https://abs.twimg.com/responsive-web/client-web/ondemand.LottieWeb.7c89dd95.js)
JavaScript error: https://twitter.com/hostinfodev, line 131: ChunkLoadError: Loading chunk 184 failed.
(error: https://abs.twimg.com/responsive-web/client-web/ondemand.LottieWeb.7c89dd95.js)
JavaScript error: https://twitter.com/hostinfodev, line 131: ChunkLoadError: Loading chunk 184 failed.
(error: https://abs.twimg.com/responsive-web/client-web/ondemand.LottieWeb.7c89dd95.js)
JavaScript error: https://twitter.com/hostinfodev, line 131: ChunkLoadError: Loading chunk 184 failed.
(error: https://abs.twimg.com/responsive-web/client-web/ondemand.LottieWeb.7c89dd95.js)
JavaScript error: https://twitter.com/hostinfodev, line 131: ChunkLoadError: Loading chunk 184 failed.
(error: https://abs.twimg.com/responsive-web/client-web/ondemand.LottieWeb.7c89dd95.js)
JavaScript error: https://twitter.com/hostinfodev, line 131: ChunkLoadError: Loading chunk 184 failed.
(error: https://abs.twimg.com/responsive-web/client-web/ondemand.LottieWeb.7c89dd95.js)
JavaScript error: https://twitter.com/hostinfodev, line 131: ChunkLoadError: Loading chunk 184 failed.
(error: https://abs.twimg.com/responsive-web/client-web/ondemand.LottieWeb.7c89dd95.js)
JavaScript error: https://twitter.com/hostinfodev, line 131: ChunkLoadError: Loading chunk 184 failed.
(error: https://abs.twimg.com/responsive-web/client-web/ondemand.LottieWeb.7c89dd95.js)
JavaScript error: https://twitter.com/hostinfodev, line 131: ChunkLoadError: Loading chunk 184 failed.
(error: https://abs.twimg.com/responsive-web/client-web/ondemand.LottieWeb.7c89dd95.js)
JavaScript error: https://twitter.com/hostinfodev, line 131: ChunkLoadError: Loading chunk 184 failed.
(error: https://abs.twimg.com/responsive-web/client-web/ondemand.LottieWeb.7c89dd95.js)
JavaScript error: https://twitter.com/hostinfodev, line 131: ChunkLoadError: Loading chunk 184 failed.
(error: https://abs.twimg.com/responsive-web/client-web/ondemand.LottieWeb.7c89dd95.js)
JavaScript error: https://twitter.com/hostinfodev, line 131: ChunkLoadError: Loading chunk 184 failed.
(error: https://abs.twimg.com/responsive-web/client-web/ondemand.LottieWeb.7c89dd95.js)
JavaScript error: https://twitter.com/hostinfodev, line 131: ChunkLoadError: Loading chunk 184 failed.
(error: https://abs.twimg.com/responsive-web/client-web/ondemand.LottieWeb.7c89dd95.js)
JavaScript error: https://twitter.com/hostinfodev, line 131: ChunkLoadError: Loading chunk 184 failed.
(error: https://abs.twimg.com/responsive-web/client-web/ondemand.LottieWeb.7c89dd95.js)
JavaScript error: https://twitter.com/hostinfodev, line 131: ChunkLoadError: Loading chunk 184 failed.
(error: https://abs.twimg.com/responsive-web/client-web/ondemand.LottieWeb.7c89dd95.js)
JavaScript error: https://twitter.com/hostinfodev, line 131: ChunkLoadError: Loading chunk 184 failed.
(error: https://abs.twimg.com/responsive-web/client-web/ondemand.LottieWeb.7c89dd95.js)
JavaScript error: https://twitter.com/hostinfodev, line 131: ChunkLoadError: Loading chunk 184 failed.
(error: https://abs.twimg.com/responsive-web/client-web/ondemand.LottieWeb.7c89dd95.js)
JavaScript error: https://twitter.com/hostinfodev, line 131: ChunkLoadError: Loading chunk 184 failed.
(error: https://abs.twimg.com/responsive-web/client-web/ondemand.LottieWeb.7c89dd95.js)
JavaScript error: https://twitter.com/hostinfodev, line 131: ChunkLoadError: Loading chunk 184 failed.
(error: https://abs.twimg.com/responsive-web/client-web/ondemand.LottieWeb.7c89dd95.js)
JavaScript error: https://twitter.com/hostinfodev, line 131: ChunkLoadError: Loading chunk 184 failed.
(error: https://abs.twimg.com/responsive-web/client-web/ondemand.LottieWeb.7c89dd95.js)
JavaScript error: https://twitter.com/hostinfodev, line 131: ChunkLoadError: Loading chunk 184 failed.
(error: https://abs.twimg.com/responsive-web/client-web/ondemand.LottieWeb.7c89dd95.js)
JavaScript error: https://twitter.com/hostinfodev, line 131: ChunkLoadError: Loading chunk 184 failed.
(error: https://abs.twimg.com/responsive-web/client-web/ondemand.LottieWeb.7c89dd95.js)
JavaScript error: https://twitter.com/hostinfodev, line 131: ChunkLoadError: Loading chunk 184 failed.
(error: https://abs.twimg.com/responsive-web/client-web/ondemand.LottieWeb.7c89dd95.js)
JavaScript error: https://twitter.com/hostinfodev, line 131: ChunkLoadError: Loading chunk 184 failed.
(error: https://abs.twimg.com/responsive-web/client-web/ondemand.LottieWeb.7c89dd95.js)
JavaScript error: https://twitter.com/hostinfodev, line 131: ChunkLoadError: Loading chunk 184 failed.
(error: https://abs.twimg.com/responsive-web/client-web/ondemand.LottieWeb.7c89dd95.js)
JavaScript error: https://twitter.com/hostinfodev, line 131: ChunkLoadError: Loading chunk 184 failed.
(error: https://abs.twimg.com/responsive-web/client-web/ondemand.LottieWeb.7c89dd95.js)
JavaScript error: https://twitter.com/hostinfodev, line 131: ChunkLoadError: Loading chunk 184 failed.
(error: https://abs.twimg.com/responsive-web/client-web/ondemand.LottieWeb.7c89dd95.js)
JavaScript error: https://twitter.com/hostinfodev, line 131: ChunkLoadError: Loading chunk 184 failed.
(error: https://abs.twimg.com/responsive-web/client-web/ondemand.LottieWeb.7c89dd95.js)
JavaScript error: https://twitter.com/hostinfodev, line 131: ChunkLoadError: Loading chunk 184 failed.
(error: https://abs.twimg.com/responsive-web/client-web/ondemand.LottieWeb.7c89dd95.js)
JavaScript error: https://twitter.com/hostinfodev, line 131: ChunkLoadError: Loading chunk 184 failed.
(error: https://abs.twimg.com/responsive-web/client-web/ondemand.LottieWeb.7c89dd95.js)
JavaScript error: https://twitter.com/hostinfodev, line 131: ChunkLoadError: Loading chunk 184 failed.
(error: https://abs.twimg.com/responsive-web/client-web/ondemand.LottieWeb.7c89dd95.js)
JavaScript error: https://twitter.com/hostinfodev, line 131: ChunkLoadError: Loading chunk 184 failed.
(error: https://abs.twimg.com/responsive-web/client-web/ondemand.LottieWeb.7c89dd95.js)
JavaScript error: https://twitter.com/hostinfodev, line 131: ChunkLoadError: Loading chunk 184 failed.
(error: https://abs.twimg.com/responsive-web/client-web/ondemand.LottieWeb.7c89dd95.js)
JavaScript error: https://twitter.com/hostinfodev, line 131: ChunkLoadError: Loading chunk 184 failed.
(error: https://abs.twimg.com/responsive-web/client-web/ondemand.LottieWeb.7c89dd95.js)
JavaScript error: https://twitter.com/hostinfodev, line 131: ChunkLoadError: Loading chunk 184 failed.
(error: https://abs.twimg.com/responsive-web/client-web/ondemand.LottieWeb.7c89dd95.js)
JavaScript error: https://twitter.com/hostinfodev, line 131: ChunkLoadError: Loading chunk 184 failed.
(error: https://abs.twimg.com/responsive-web/client-web/ondemand.LottieWeb.7c89dd95.js)
JavaScript error: https://twitter.com/hostinfodev, line 131: ChunkLoadError: Loading chunk 184 failed.
(error: https://abs.twimg.com/responsive-web/client-web/ondemand.LottieWeb.7c89dd95.js)
JavaScript error: https://twitter.com/hostinfodev, line 131: ChunkLoadError: Loading chunk 184 failed.
(error: https://abs.twimg.com/responsive-web/client-web/ondemand.LottieWeb.7c89dd95.js)
JavaScript error: https://twitter.com/hostinfodev, line 131: ChunkLoadError: Loading chunk 184 failed.
(error: https://abs.twimg.com/responsive-web/client-web/ondemand.LottieWeb.7c89dd95.js)
JavaScript error: https://twitter.com/hostinfodev, line 131: ChunkLoadError: Loading chunk 184 failed.
(error: https://abs.twimg.com/responsive-web/client-web/ondemand.LottieWeb.7c89dd95.js)
JavaScript error: https://twitter.com/hostinfodev, line 131: ChunkLoadError: Loading chunk 184 failed.
(error: https://abs.twimg.com/responsive-web/client-web/ondemand.LottieWeb.7c89dd95.js)
JavaScript error: https://twitter.com/hostinfodev, line 131: ChunkLoadError: Loading chunk 184 failed.
(error: https://abs.twimg.com/responsive-web/client-web/ondemand.LottieWeb.7c89dd95.js)
JavaScript error: https://twitter.com/hostinfodev, line 131: ChunkLoadError: Loading chunk 184 failed.
(error: https://abs.twimg.com/responsive-web/client-web/ondemand.LottieWeb.7c89dd95.js)
1625870859148	geckodriver	INFO	Listening on 127.0.0.1:51848
1625870862193	mozrunner::runner	INFO	Running command: "C:\\Program Files\\Mozilla Firefox\\firefox.exe" "--marionette" "--headless" "-foreground" "-no-remote" "-profile" "C:\\Users\\ChADMIN\\AppData\\Local\\Temp\\rust_mozprofileMnXSRD"
*** You are running in headless mode.
1625870862455	Marionette	INFO	Marionette enabled
console.warn: SearchSettings: "get: No settings file exists, new profile?" (new NotFoundError("Could not open the file at C:\\Users\\ChADMIN\\AppData\\Local\\Temp\\rust_mozprofileMnXSRD\\search.json.mozlz4", (void 0)))
1625870863522	Marionette	INFO	Listening on port 62606
1625870863750	Marionette	WARN	TLS certificate errors will be ignored for this session
1625870863752	Marionette	INFO	Proxy settings initialised: {"proxyType":"manual","httpProxy":"127.0.0.1:51847","noProxy":[],"sslProxy":"127.0.0.1:51847"}
1625871360823	geckodriver	INFO	Listening on 127.0.0.1:52409
1625871363843	mozrunner::runner	INFO	Running command: "C:\\Program Files\\Mozilla Firefox\\firefox.exe" "--marionette" "--headless" "-foreground" "-no-remote" "-profile" "C:\\Users\\ChADMIN\\AppData\\Local\\Temp\\rust_mozprofilee6pcjF"
*** You are running in headless mode.
1625871364104	Marionette	INFO	Marionette enabled
console.warn: SearchSettings: "get: No settings file exists, new profile?" (new NotFoundError("Could not open the file at C:\\Users\\ChADMIN\\AppData\\Local\\Temp\\rust_mozprofilee6pcjF\\search.json.mozlz4", (void 0)))
1625871365123	Marionette	INFO	Listening on port 64783
1625871365382	Marionette	WARN	TLS certificate errors will be ignored for this session
1625871365384	Marionette	INFO	Proxy settings initialised: {"proxyType":"manual","httpProxy":"127.0.0.1:52408","noProxy":[],"sslProxy":"127.0.0.1:52408"}
JavaScript error: https://twitter.com/hostinfodev, line 131: ChunkLoadError: Loading chunk 184 failed.
(error: https://abs.twimg.com/responsive-web/client-web/ondemand.LottieWeb.7c89dd95.js)
JavaScript error: https://twitter.com/hostinfodev, line 131: ChunkLoadError: Loading chunk 184 failed.
(error: https://abs.twimg.com/responsive-web/client-web/ondemand.LottieWeb.7c89dd95.js)
JavaScript error: https://twitter.com/hostinfodev, line 131: ChunkLoadError: Loading chunk 184 failed.
(error: https://abs.twimg.com/responsive-web/client-web/ondemand.LottieWeb.7c89dd95.js)
JavaScript error: https://twitter.com/hostinfodev, line 131: ChunkLoadError: Loading chunk 184 failed.
(error: https://abs.twimg.com/responsive-web/client-web/ondemand.LottieWeb.7c89dd95.js)
JavaScript error: https://twitter.com/hostinfodev, line 131: ChunkLoadError: Loading chunk 184 failed.
(error: https://abs.twimg.com/responsive-web/client-web/ondemand.LottieWeb.7c89dd95.js)
JavaScript error: https://twitter.com/hostinfodev, line 131: ChunkLoadError: Loading chunk 184 failed.
(error: https://abs.twimg.com/responsive-web/client-web/ondemand.LottieWeb.7c89dd95.js)
JavaScript error: https://twitter.com/hostinfodev, line 131: ChunkLoadError: Loading chunk 184 failed.
(error: https://abs.twimg.com/responsive-web/client-web/ondemand.LottieWeb.7c89dd95.js)
JavaScript error: https://twitter.com/hostinfodev, line 131: ChunkLoadError: Loading chunk 184 failed.
(error: https://abs.twimg.com/responsive-web/client-web/ondemand.LottieWeb.7c89dd95.js)
JavaScript error: https://twitter.com/hostinfodev, line 131: ChunkLoadError: Loading chunk 184 failed.
(error: https://abs.twimg.com/responsive-web/client-web/ondemand.LottieWeb.7c89dd95.js)
JavaScript error: https://twitter.com/hostinfodev, line 131: ChunkLoadError: Loading chunk 184 failed.
(error: https://abs.twimg.com/responsive-web/client-web/ondemand.LottieWeb.7c89dd95.js)
JavaScript error: https://twitter.com/hostinfodev, line 131: ChunkLoadError: Loading chunk 184 failed.
(error: https://abs.twimg.com/responsive-web/client-web/ondemand.LottieWeb.7c89dd95.js)
JavaScript error: https://twitter.com/hostinfodev, line 131: ChunkLoadError: Loading chunk 184 failed.
(error: https://abs.twimg.com/responsive-web/client-web/ondemand.LottieWeb.7c89dd95.js)
JavaScript error: https://twitter.com/hostinfodev, line 131: ChunkLoadError: Loading chunk 184 failed.
(error: https://abs.twimg.com/responsive-web/client-web/ondemand.LottieWeb.7c89dd95.js)
JavaScript error: https://twitter.com/hostinfodev, line 131: ChunkLoadError: Loading chunk 184 failed.
(error: https://abs.twimg.com/responsive-web/client-web/ondemand.LottieWeb.7c89dd95.js)
JavaScript error: https://twitter.com/hostinfodev, line 131: ChunkLoadError: Loading chunk 184 failed.
(error: https://abs.twimg.com/responsive-web/client-web/ondemand.LottieWeb.7c89dd95.js)
JavaScript error: https://twitter.com/hostinfodev, line 131: ChunkLoadError: Loading chunk 184 failed.
(error: https://abs.twimg.com/responsive-web/client-web/ondemand.LottieWeb.7c89dd95.js)
JavaScript error: https://twitter.com/hostinfodev, line 131: ChunkLoadError: Loading chunk 184 failed.
(error: https://abs.twimg.com/responsive-web/client-web/ondemand.LottieWeb.7c89dd95.js)
JavaScript error: https://twitter.com/hostinfodev, line 131: ChunkLoadError: Loading chunk 184 failed.
(error: https://abs.twimg.com/responsive-web/client-web/ondemand.LottieWeb.7c89dd95.js)
JavaScript error: https://twitter.com/hostinfodev, line 131: ChunkLoadError: Loading chunk 184 failed.
(error: https://abs.twimg.com/responsive-web/client-web/ondemand.LottieWeb.7c89dd95.js)
JavaScript error: https://twitter.com/hostinfodev, line 131: ChunkLoadError: Loading chunk 184 failed.
(error: https://abs.twimg.com/responsive-web/client-web/ondemand.LottieWeb.7c89dd95.js)
JavaScript error: https://twitter.com/hostinfodev, line 131: ChunkLoadError: Loading chunk 184 failed.
(error: https://abs.twimg.com/responsive-web/client-web/ondemand.LottieWeb.7c89dd95.js)
JavaScript error: https://twitter.com/hostinfodev, line 131: ChunkLoadError: Loading chunk 184 failed.
(error: https://abs.twimg.com/responsive-web/client-web/ondemand.LottieWeb.7c89dd95.js)
JavaScript error: https://twitter.com/hostinfodev, line 131: ChunkLoadError: Loading chunk 184 failed.
(error: https://abs.twimg.com/responsive-web/client-web/ondemand.LottieWeb.7c89dd95.js)
JavaScript error: https://twitter.com/hostinfodev, line 131: ChunkLoadError: Loading chunk 184 failed.
(error: https://abs.twimg.com/responsive-web/client-web/ondemand.LottieWeb.7c89dd95.js)
JavaScript error: https://twitter.com/hostinfodev, line 131: ChunkLoadError: Loading chunk 184 failed.
(error: https://abs.twimg.com/responsive-web/client-web/ondemand.LottieWeb.7c89dd95.js)
JavaScript error: https://twitter.com/hostinfodev, line 131: ChunkLoadError: Loading chunk 184 failed.
(error: https://abs.twimg.com/responsive-web/client-web/ondemand.LottieWeb.7c89dd95.js)
JavaScript error: https://twitter.com/hostinfodev, line 131: ChunkLoadError: Loading chunk 184 failed.
(error: https://abs.twimg.com/responsive-web/client-web/ondemand.LottieWeb.7c89dd95.js)
JavaScript error: https://twitter.com/hostinfodev, line 131: ChunkLoadError: Loading chunk 184 failed.
(error: https://abs.twimg.com/responsive-web/client-web/ondemand.LottieWeb.7c89dd95.js)
JavaScript error: https://twitter.com/hostinfodev, line 131: ChunkLoadError: Loading chunk 184 failed.
(error: https://abs.twimg.com/responsive-web/client-web/ondemand.LottieWeb.7c89dd95.js)
JavaScript error: https://twitter.com/hostinfodev, line 131: ChunkLoadError: Loading chunk 184 failed.
(error: https://abs.twimg.com/responsive-web/client-web/ondemand.LottieWeb.7c89dd95.js)
JavaScript error: https://twitter.com/hostinfodev, line 131: ChunkLoadError: Loading chunk 184 failed.
(error: https://abs.twimg.com/responsive-web/client-web/ondemand.LottieWeb.7c89dd95.js)
JavaScript error: https://twitter.com/hostinfodev, line 131: ChunkLoadError: Loading chunk 184 failed.
(error: https://abs.twimg.com/responsive-web/client-web/ondemand.LottieWeb.7c89dd95.js)
JavaScript error: https://twitter.com/hostinfodev, line 131: ChunkLoadError: Loading chunk 184 failed.
(error: https://abs.twimg.com/responsive-web/client-web/ondemand.LottieWeb.7c89dd95.js)
JavaScript error: https://twitter.com/hostinfodev, line 131: ChunkLoadError: Loading chunk 184 failed.
(error: https://abs.twimg.com/responsive-web/client-web/ondemand.LottieWeb.7c89dd95.js)
JavaScript error: https://twitter.com/hostinfodev, line 131: ChunkLoadError: Loading chunk 184 failed.
(error: https://abs.twimg.com/responsive-web/client-web/ondemand.LottieWeb.7c89dd95.js)
JavaScript error: https://twitter.com/hostinfodev, line 131: ChunkLoadError: Loading chunk 184 failed.
(error: https://abs.twimg.com/responsive-web/client-web/ondemand.LottieWeb.7c89dd95.js)
JavaScript error: https://twitter.com/hostinfodev, line 131: ChunkLoadError: Loading chunk 184 failed.
(error: https://abs.twimg.com/responsive-web/client-web/ondemand.LottieWeb.7c89dd95.js)
JavaScript error: https://twitter.com/hostinfodev, line 131: ChunkLoadError: Loading chunk 184 failed.
(error: https://abs.twimg.com/responsive-web/client-web/ondemand.LottieWeb.7c89dd95.js)
JavaScript error: https://twitter.com/hostinfodev, line 131: ChunkLoadError: Loading chunk 184 failed.
(error: https://abs.twimg.com/responsive-web/client-web/ondemand.LottieWeb.7c89dd95.js)
JavaScript error: https://twitter.com/hostinfodev, line 131: ChunkLoadError: Loading chunk 184 failed.
(error: https://abs.twimg.com/responsive-web/client-web/ondemand.LottieWeb.7c89dd95.js)
JavaScript error: https://twitter.com/hostinfodev, line 131: ChunkLoadError: Loading chunk 184 failed.
(error: https://abs.twimg.com/responsive-web/client-web/ondemand.LottieWeb.7c89dd95.js)
JavaScript error: https://twitter.com/hostinfodev, line 131: ChunkLoadError: Loading chunk 184 failed.
(error: https://abs.twimg.com/responsive-web/client-web/ondemand.LottieWeb.7c89dd95.js)
JavaScript error: https://twitter.com/hostinfodev, line 131: ChunkLoadError: Loading chunk 184 failed.
(error: https://abs.twimg.com/responsive-web/client-web/ondemand.LottieWeb.7c89dd95.js)
JavaScript error: https://twitter.com/hostinfodev, line 131: ChunkLoadError: Loading chunk 184 failed.
(error: https://abs.twimg.com/responsive-web/client-web/ondemand.LottieWeb.7c89dd95.js)
JavaScript error: https://twitter.com/hostinfodev, line 131: ChunkLoadError: Loading chunk 184 failed.
(error: https://abs.twimg.com/responsive-web/client-web/ondemand.LottieWeb.7c89dd95.js)
JavaScript error: https://twitter.com/hostinfodev, line 131: ChunkLoadError: Loading chunk 184 failed.
(error: https://abs.twimg.com/responsive-web/client-web/ondemand.LottieWeb.7c89dd95.js)
JavaScript error: https://twitter.com/hostinfodev, line 131: ChunkLoadError: Loading chunk 184 failed.
(error: https://abs.twimg.com/responsive-web/client-web/ondemand.LottieWeb.7c89dd95.js)
JavaScript error: https://twitter.com/hostinfodev, line 131: ChunkLoadError: Loading chunk 184 failed.
(error: https://abs.twimg.com/responsive-web/client-web/ondemand.LottieWeb.7c89dd95.js)
JavaScript error: https://twitter.com/hostinfodev, line 131: ChunkLoadError: Loading chunk 184 failed.
(error: https://abs.twimg.com/responsive-web/client-web/ondemand.LottieWeb.7c89dd95.js)
JavaScript error: https://twitter.com/hostinfodev, line 131: ChunkLoadError: Loading chunk 184 failed.
(error: https://abs.twimg.com/responsive-web/client-web/ondemand.LottieWeb.7c89dd95.js)
JavaScript error: https://twitter.com/hostinfodev, line 131: ChunkLoadError: Loading chunk 184 failed.
(error: https://abs.twimg.com/responsive-web/client-web/ondemand.LottieWeb.7c89dd95.js)
JavaScript error: https://twitter.com/hostinfodev, line 131: ChunkLoadError: Loading chunk 184 failed.
(error: https://abs.twimg.com/responsive-web/client-web/ondemand.LottieWeb.7c89dd95.js)
JavaScript error: https://twitter.com/hostinfodev, line 131: ChunkLoadError: Loading chunk 184 failed.
(error: https://abs.twimg.com/responsive-web/client-web/ondemand.LottieWeb.7c89dd95.js)
JavaScript error: https://twitter.com/hostinfodev, line 131: ChunkLoadError: Loading chunk 184 failed.
(error: https://abs.twimg.com/responsive-web/client-web/ondemand.LottieWeb.7c89dd95.js)
JavaScript error: https://twitter.com/hostinfodev, line 131: ChunkLoadError: Loading chunk 184 failed.
(error: https://abs.twimg.com/responsive-web/client-web/ondemand.LottieWeb.7c89dd95.js)
JavaScript error: https://twitter.com/hostinfodev, line 131: ChunkLoadError: Loading chunk 184 failed.
(error: https://abs.twimg.com/responsive-web/client-web/ondemand.LottieWeb.7c89dd95.js)
JavaScript error: https://twitter.com/hostinfodev, line 131: ChunkLoadError: Loading chunk 184 failed.
(error: https://abs.twimg.com/responsive-web/client-web/ondemand.LottieWeb.7c89dd95.js)
JavaScript error: https://twitter.com/hostinfodev, line 131: ChunkLoadError: Loading chunk 184 failed.
(error: https://abs.twimg.com/responsive-web/client-web/ondemand.LottieWeb.7c89dd95.js)
JavaScript error: https://twitter.com/hostinfodev, line 131: ChunkLoadError: Loading chunk 184 failed.
(error: https://abs.twimg.com/responsive-web/client-web/ondemand.LottieWeb.7c89dd95.js)
JavaScript error: https://twitter.com/hostinfodev, line 131: ChunkLoadError: Loading chunk 184 failed.
(error: https://abs.twimg.com/responsive-web/client-web/ondemand.LottieWeb.7c89dd95.js)
JavaScript error: https://twitter.com/hostinfodev, line 131: ChunkLoadError: Loading chunk 184 failed.
(error: https://abs.twimg.com/responsive-web/client-web/ondemand.LottieWeb.7c89dd95.js)
JavaScript error: https://twitter.com/hostinfodev, line 131: ChunkLoadError: Loading chunk 184 failed.
(error: https://abs.twimg.com/responsive-web/client-web/ondemand.LottieWeb.7c89dd95.js)
JavaScript error: https://twitter.com/hostinfodev, line 131: ChunkLoadError: Loading chunk 184 failed.
(error: https://abs.twimg.com/responsive-web/client-web/ondemand.LottieWeb.7c89dd95.js)
JavaScript error: https://twitter.com/hostinfodev, line 131: ChunkLoadError: Loading chunk 184 failed.
(error: https://abs.twimg.com/responsive-web/client-web/ondemand.LottieWeb.7c89dd95.js)
JavaScript error: https://twitter.com/hostinfodev, line 131: ChunkLoadError: Loading chunk 184 failed.
(error: https://abs.twimg.com/responsive-web/client-web/ondemand.LottieWeb.7c89dd95.js)
JavaScript error: https://twitter.com/hostinfodev, line 131: ChunkLoadError: Loading chunk 184 failed.
(error: https://abs.twimg.com/responsive-web/client-web/ondemand.LottieWeb.7c89dd95.js)
JavaScript error: https://twitter.com/hostinfodev, line 131: ChunkLoadError: Loading chunk 184 failed.
(error: https://abs.twimg.com/responsive-web/client-web/ondemand.LottieWeb.7c89dd95.js)
JavaScript error: https://twitter.com/hostinfodev, line 131: ChunkLoadError: Loading chunk 184 failed.
(error: https://abs.twimg.com/responsive-web/client-web/ondemand.LottieWeb.7c89dd95.js)
JavaScript error: https://twitter.com/hostinfodev, line 131: ChunkLoadError: Loading chunk 184 failed.
(error: https://abs.twimg.com/responsive-web/client-web/ondemand.LottieWeb.7c89dd95.js)
JavaScript error: https://twitter.com/hostinfodev, line 131: ChunkLoadError: Loading chunk 184 failed.
(error: https://abs.twimg.com/responsive-web/client-web/ondemand.LottieWeb.7c89dd95.js)
JavaScript error: https://twitter.com/hostinfodev, line 131: ChunkLoadError: Loading chunk 184 failed.
(error: https://abs.twimg.com/responsive-web/client-web/ondemand.LottieWeb.7c89dd95.js)
JavaScript error: https://twitter.com/hostinfodev, line 131: ChunkLoadError: Loading chunk 184 failed.
(error: https://abs.twimg.com/responsive-web/client-web/ondemand.LottieWeb.7c89dd95.js)
JavaScript error: https://twitter.com/hostinfodev, line 131: ChunkLoadError: Loading chunk 184 failed.
(error: https://abs.twimg.com/responsive-web/client-web/ondemand.LottieWeb.7c89dd95.js)
JavaScript error: https://twitter.com/hostinfodev, line 131: ChunkLoadError: Loading chunk 184 failed.
(error: https://abs.twimg.com/responsive-web/client-web/ondemand.LottieWeb.7c89dd95.js)
JavaScript error: https://twitter.com/hostinfodev, line 131: ChunkLoadError: Loading chunk 184 failed.
(error: https://abs.twimg.com/responsive-web/client-web/ondemand.LottieWeb.7c89dd95.js)
JavaScript error: https://twitter.com/hostinfodev, line 131: ChunkLoadError: Loading chunk 184 failed.
(error: https://abs.twimg.com/responsive-web/client-web/ondemand.LottieWeb.7c89dd95.js)
JavaScript error: https://twitter.com/hostinfodev, line 131: ChunkLoadError: Loading chunk 184 failed.
(error: https://abs.twimg.com/responsive-web/client-web/ondemand.LottieWeb.7c89dd95.js)
JavaScript error: https://twitter.com/hostinfodev, line 131: ChunkLoadError: Loading chunk 184 failed.
(error: https://abs.twimg.com/responsive-web/client-web/ondemand.LottieWeb.7c89dd95.js)
JavaScript error: https://twitter.com/hostinfodev, line 131: ChunkLoadError: Loading chunk 184 failed.
(error: https://abs.twimg.com/responsive-web/client-web/ondemand.LottieWeb.7c89dd95.js)
JavaScript error: https://twitter.com/hostinfodev, line 131: ChunkLoadError: Loading chunk 184 failed.
(error: https://abs.twimg.com/responsive-web/client-web/ondemand.LottieWeb.7c89dd95.js)
JavaScript error: https://twitter.com/hostinfodev, line 131: ChunkLoadError: Loading chunk 184 failed.
(error: https://abs.twimg.com/responsive-web/client-web/ondemand.LottieWeb.7c89dd95.js)
JavaScript error: https://twitter.com/hostinfodev, line 131: ChunkLoadError: Loading chunk 184 failed.
(error: https://abs.twimg.com/responsive-web/client-web/ondemand.LottieWeb.7c89dd95.js)
JavaScript error: https://twitter.com/hostinfodev, line 131: ChunkLoadError: Loading chunk 184 failed.
(error: https://abs.twimg.com/responsive-web/client-web/ondemand.LottieWeb.7c89dd95.js)
JavaScript error: https://twitter.com/hostinfodev, line 131: ChunkLoadError: Loading chunk 184 failed.
(error: https://abs.twimg.com/responsive-web/client-web/ondemand.LottieWeb.7c89dd95.js)
JavaScript error: https://twitter.com/hostinfodev, line 131: ChunkLoadError: Loading chunk 184 failed.
(error: https://abs.twimg.com/responsive-web/client-web/ondemand.LottieWeb.7c89dd95.js)
JavaScript error: https://twitter.com/hostinfodev, line 131: ChunkLoadError: Loading chunk 184 failed.
(error: https://abs.twimg.com/responsive-web/client-web/ondemand.LottieWeb.7c89dd95.js)
JavaScript error: https://twitter.com/hostinfodev, line 131: ChunkLoadError: Loading chunk 184 failed.
(error: https://abs.twimg.com/responsive-web/client-web/ondemand.LottieWeb.7c89dd95.js)
JavaScript error: https://twitter.com/hostinfodev, line 131: ChunkLoadError: Loading chunk 184 failed.
(error: https://abs.twimg.com/responsive-web/client-web/ondemand.LottieWeb.7c89dd95.js)
JavaScript error: https://twitter.com/hostinfodev, line 131: ChunkLoadError: Loading chunk 184 failed.
(error: https://abs.twimg.com/responsive-web/client-web/ondemand.LottieWeb.7c89dd95.js)
JavaScript error: https://twitter.com/hostinfodev, line 131: ChunkLoadError: Loading chunk 184 failed.
(error: https://abs.twimg.com/responsive-web/client-web/ondemand.LottieWeb.7c89dd95.js)
JavaScript error: https://twitter.com/hostinfodev, line 131: ChunkLoadError: Loading chunk 184 failed.
(error: https://abs.twimg.com/responsive-web/client-web/ondemand.LottieWeb.7c89dd95.js)
JavaScript error: https://twitter.com/hostinfodev, line 131: ChunkLoadError: Loading chunk 184 failed.
(error: https://abs.twimg.com/responsive-web/client-web/ondemand.LottieWeb.7c89dd95.js)
JavaScript error: https://twitter.com/hostinfodev, line 131: ChunkLoadError: Loading chunk 184 failed.
(error: https://abs.twimg.com/responsive-web/client-web/ondemand.LottieWeb.7c89dd95.js)
JavaScript error: https://twitter.com/hostinfodev, line 131: ChunkLoadError: Loading chunk 184 failed.
(error: https://abs.twimg.com/responsive-web/client-web/ondemand.LottieWeb.7c89dd95.js)
JavaScript error: https://twitter.com/hostinfodev, line 131: ChunkLoadError: Loading chunk 184 failed.
(error: https://abs.twimg.com/responsive-web/client-web/ondemand.LottieWeb.7c89dd95.js)
JavaScript error: https://twitter.com/hostinfodev, line 131: ChunkLoadError: Loading chunk 184 failed.
(error: https://abs.twimg.com/responsive-web/client-web/ondemand.LottieWeb.7c89dd95.js)
JavaScript error: https://twitter.com/hostinfodev, line 131: ChunkLoadError: Loading chunk 184 failed.
(error: https://abs.twimg.com/responsive-web/client-web/ondemand.LottieWeb.7c89dd95.js)
JavaScript error: https://twitter.com/hostinfodev, line 131: ChunkLoadError: Loading chunk 184 failed.
(error: https://abs.twimg.com/responsive-web/client-web/ondemand.LottieWeb.7c89dd95.js)
JavaScript error: https://twitter.com/hostinfodev, line 131: ChunkLoadError: Loading chunk 247 failed.
(error: https://abs.twimg.com/responsive-web/client-web/ondemand.emoji.en.2314ed55.js)
1625871505223	geckodriver	INFO	Listening on 127.0.0.1:58566
1625871508253	mozrunner::runner	INFO	Running command: "C:\\Program Files\\Mozilla Firefox\\firefox.exe" "--marionette" "--headless" "-foreground" "-no-remote" "-profile" "C:\\Users\\ChADMIN\\AppData\\Local\\Temp\\rust_mozprofileusYSgS"
*** You are running in headless mode.
1625871508516	Marionette	INFO	Marionette enabled
console.warn: SearchSettings: "get: No settings file exists, new profile?" (new NotFoundError("Could not open the file at C:\\Users\\ChADMIN\\AppData\\Local\\Temp\\rust_mozprofileusYSgS\\search.json.mozlz4", (void 0)))
1625871509536	Marionette	INFO	Listening on port 53984
1625871509779	Marionette	WARN	TLS certificate errors will be ignored for this session
1625871509782	Marionette	INFO	Proxy settings initialised: {"proxyType":"manual","httpProxy":"127.0.0.1:58565","noProxy":[],"sslProxy":"127.0.0.1:58565"}
